<?xml version="1.0" encoding="UTF-8"?>
<!-- Generated by org.testng.reporters.JUnitXMLReporter -->
<testsuite ignored="0" hostname="DrSilence" failures="0" tests="4" name="Default test" time="0.379" errors="0" timestamp="2023-10-12T10:41:57 IST">
  <testcase classname="TestNG.TestDependencies" name="orange" time="0.037"/>
  <testcase classname="TestNG.TestDependencies" name="white" time="0.006"/>
  <testcase classname="TestNG.TestDependencies" name="blue" time="0.01">
    <skipped/>
  </testcase> <!-- blue -->
  <testcase classname="TestNG.TestDependencies" name="green" time="0.001">
    <skipped/>
  </testcase> <!-- green -->
</testsuite> <!-- Default test -->
