<?xml version="1.0" encoding="UTF-8"?>
<testng-results ignored="0" total="4" passed="2" failed="0" skipped="2">
  <reporter-output>
  </reporter-output>
  <suite started-at="2023-10-12T10:41:56 IST" name="Default suite" finished-at="2023-10-12T10:41:57 IST" duration-ms="379">
    <groups>
    </groups>
    <test started-at="2023-10-12T10:41:56 IST" name="Default test" finished-at="2023-10-12T10:41:57 IST" duration-ms="379">
      <class name="TestNG.TestDependencies">
        <test-method signature="orange()[pri:1, instance:TestNG.TestDependencies@3e8c3cb]" started-at="2023-10-12T10:41:56 IST" name="orange" finished-at="2023-10-12T10:41:57 IST" duration-ms="37" status="PASS">
          <reporter-output>
          </reporter-output>
        </test-method> <!-- orange -->
        <test-method signature="white()[pri:2, instance:TestNG.TestDependencies@3e8c3cb]" started-at="2023-10-12T10:41:57 IST" name="white" finished-at="2023-10-12T10:41:57 IST" depends-on-methods="TestNG.TestDependencies.orange" duration-ms="6" status="PASS">
          <reporter-output>
          </reporter-output>
        </test-method> <!-- white -->
        <test-method signature="blue()[pri:3, instance:TestNG.TestDependencies@3e8c3cb]" started-at="2023-10-12T10:41:57 IST" name="blue" finished-at="2023-10-12T10:41:57 IST" depends-on-methods="TestNG.TestDependencies.white" duration-ms="10" status="SKIP">
          <exception class="org.testng.SkipException">
            <message>
              <![CDATA[Blue Test is Skipped]]>
            </message>
            <full-stacktrace>
              <![CDATA[org.testng.SkipException: Blue Test is Skipped
at TestNG.TestDependencies.blue(TestDependencies.java:21)
at java.base/jdk.internal.reflect.NativeMethodAccessorImpl.invoke0(Native Method)
at java.base/jdk.internal.reflect.NativeMethodAccessorImpl.invoke(NativeMethodAccessorImpl.java:62)
at java.base/jdk.internal.reflect.DelegatingMethodAccessorImpl.invoke(DelegatingMethodAccessorImpl.java:43)
at java.base/java.lang.reflect.Method.invoke(Method.java:566)
at org.testng.internal.invokers.MethodInvocationHelper.invokeMethod(MethodInvocationHelper.java:139)
at org.testng.internal.invokers.TestInvoker.invokeMethod(TestInvoker.java:664)
at org.testng.internal.invokers.TestInvoker.invokeTestMethod(TestInvoker.java:227)
at org.testng.internal.invokers.MethodRunner.runInSequence(MethodRunner.java:50)
at org.testng.internal.invokers.TestInvoker$MethodInvocationAgent.invoke(TestInvoker.java:957)
at org.testng.internal.invokers.TestInvoker.invokeTestMethods(TestInvoker.java:200)
at org.testng.internal.invokers.TestMethodWorker.invokeTestMethods(TestMethodWorker.java:148)
at org.testng.internal.invokers.TestMethodWorker.run(TestMethodWorker.java:128)
at java.base/java.util.ArrayList.forEach(ArrayList.java:1541)
at org.testng.TestRunner.privateRun(TestRunner.java:848)
at org.testng.TestRunner.run(TestRunner.java:621)
at org.testng.SuiteRunner.runTest(SuiteRunner.java:443)
at org.testng.SuiteRunner.runSequentially(SuiteRunner.java:437)
at org.testng.SuiteRunner.privateRun(SuiteRunner.java:397)
at org.testng.SuiteRunner.run(SuiteRunner.java:336)
at org.testng.SuiteRunnerWorker.runSuite(SuiteRunnerWorker.java:52)
at org.testng.SuiteRunnerWorker.run(SuiteRunnerWorker.java:95)
at org.testng.TestNG.runSuitesSequentially(TestNG.java:1280)
at org.testng.TestNG.runSuitesLocally(TestNG.java:1200)
at org.testng.TestNG.runSuites(TestNG.java:1114)
at org.testng.TestNG.run(TestNG.java:1082)
at org.testng.remote.AbstractRemoteTestNG.run(AbstractRemoteTestNG.java:115)
at org.testng.remote.RemoteTestNG.initAndRun(RemoteTestNG.java:251)
at org.testng.remote.RemoteTestNG.main(RemoteTestNG.java:77)
]]>
            </full-stacktrace>
          </exception> <!-- org.testng.SkipException -->
          <reporter-output>
          </reporter-output>
        </test-method> <!-- blue -->
        <test-method signature="green()[pri:4, instance:TestNG.TestDependencies@3e8c3cb]" started-at="2023-10-12T10:41:57 IST" name="green" finished-at="2023-10-12T10:41:57 IST" depends-on-methods="TestNG.TestDependencies.blue" duration-ms="1" status="SKIP">
          <exception class="java.lang.Throwable">
            <message>
              <![CDATA[Method TestNG.TestDependencies.green() on instance TestNG.TestDependencies@3e8c3cb depends on not successfully finished methods 
[TestNG.TestDependencies.blue() on instance TestNG.TestDependencies@3e8c3cb]]]>
            </message>
            <full-stacktrace>
              <![CDATA[java.lang.Throwable: Method TestNG.TestDependencies.green() on instance TestNG.TestDependencies@3e8c3cb depends on not successfully finished methods 
[TestNG.TestDependencies.blue() on instance TestNG.TestDependencies@3e8c3cb]
at org.testng.internal.invokers.TestInvoker.invokeTestMethods(TestInvoker.java:156)
at org.testng.internal.invokers.TestMethodWorker.invokeTestMethods(TestMethodWorker.java:148)
at org.testng.internal.invokers.TestMethodWorker.run(TestMethodWorker.java:128)
at java.base/java.util.ArrayList.forEach(ArrayList.java:1541)
at org.testng.TestRunner.privateRun(TestRunner.java:848)
at org.testng.TestRunner.run(TestRunner.java:621)
at org.testng.SuiteRunner.runTest(SuiteRunner.java:443)
at org.testng.SuiteRunner.runSequentially(SuiteRunner.java:437)
at org.testng.SuiteRunner.privateRun(SuiteRunner.java:397)
at org.testng.SuiteRunner.run(SuiteRunner.java:336)
at org.testng.SuiteRunnerWorker.runSuite(SuiteRunnerWorker.java:52)
at org.testng.SuiteRunnerWorker.run(SuiteRunnerWorker.java:95)
at org.testng.TestNG.runSuitesSequentially(TestNG.java:1280)
at org.testng.TestNG.runSuitesLocally(TestNG.java:1200)
at org.testng.TestNG.runSuites(TestNG.java:1114)
at org.testng.TestNG.run(TestNG.java:1082)
at org.testng.remote.AbstractRemoteTestNG.run(AbstractRemoteTestNG.java:115)
at org.testng.remote.RemoteTestNG.initAndRun(RemoteTestNG.java:251)
at org.testng.remote.RemoteTestNG.main(RemoteTestNG.java:77)
]]>
            </full-stacktrace>
          </exception> <!-- java.lang.Throwable -->
          <reporter-output>
          </reporter-output>
        </test-method> <!-- green -->
      </class> <!-- TestNG.TestDependencies -->
    </test> <!-- Default test -->
  </suite> <!-- Default suite -->
</testng-results>
